  adding: templates/ (stored 0%)
  adding: templates/heft_8/ (stored 0%)
  adding: templates/heft_8/1L.json (deflated 50%)
  adding: templates/heft_8/2N.json (deflated 50%)
  adding: templates/heft_8/2A.json (deflated 51%)
  adding: templates/heft_8/1R.json (deflated 50%)
  adding: templates/min_min_24/ (stored 0%)
  adding: templates/min_min_24/1L.json (deflated 50%)
  adding: templates/min_min_24/2N.json (deflated 50%)
  adding: templates/min_min_24/2A.json (deflated 50%)
  adding: templates/min_min_24/1R.json (deflated 50%)
  adding: templates/fifo_8/ (stored 0%)
  adding: templates/fifo_8/1L.json (deflated 52%)
  adding: templates/fifo_8/2N.json (deflated 52%)
  adding: templates/fifo_8/2A.json (deflated 52%)
  adding: templates/fifo_8/1R.json (deflated 52%)
  adding: templates/min_min_16/ (stored 0%)
  adding: templates/min_min_16/1L.json (deflated 50%)
  adding: templates/min_min_16/2N.json (deflated 50%)
  adding: templates/min_min_16/2A.json (deflated 50%)
  adding: templates/min_min_16/1R.json (deflated 50%)
  adding: templates/min_min_8/ (stored 0%)
  adding: templates/min_min_8/1L.json (deflated 50%)
  adding: templates/min_min_8/2N.json (deflated 50%)
  adding: templates/min_min_8/2A.json (deflated 50%)
  adding: templates/min_min_8/1R.json (deflated 50%)
  adding: templates/heft_24/ (stored 0%)
  adding: templates/heft_24/1L.json (deflated 51%)
  adding: templates/heft_24/2N.json (deflated 50%)
  adding: templates/heft_24/2A.json (deflated 50%)
  adding: templates/heft_24/1R.json (deflated 51%)
  adding: templates/fifo_16/ (stored 0%)
  adding: templates/fifo_16/1L.json (deflated 52%)
  adding: templates/fifo_16/2N.json (deflated 52%)
  adding: templates/fifo_16/2A.json (deflated 52%)
  adding: templates/fifo_16/1R.json (deflated 52%)
  adding: templates/heft_16/ (stored 0%)
  adding: templates/heft_16/1L.json (deflated 50%)
  adding: templates/heft_16/2N.json (deflated 50%)
  adding: templates/heft_16/2A.json (deflated 50%)
  adding: templates/heft_16/1R.json (deflated 50%)
  adding: templates/fifo_24/ (stored 0%)
  adding: templates/fifo_24/1L.json (deflated 53%)
  adding: templates/fifo_24/2N.json (deflated 52%)
  adding: templates/fifo_24/2A.json (deflated 52%)
  adding: templates/fifo_24/1R.json (deflated 53%)
  adding: workflows/ (stored 0%)
  adding: workflows/L_soykb-chameleon-50fastq-20ch-001.dot (deflated 93%)
  adding: workflows/C_soykb-chameleon-50fastq-20ch-001.dot (deflated 93%)
  adding: workflows/workflow_list.txt (stored 0%)
  adding: workflows/S_soykb-chameleon-50fastq-20ch-001.dot (deflated 93%)
  adding: .gitignore (stored 0%)
  adding: results/ (stored 0%)
  adding: results/log/ (stored 0%)
  adding: results/log/S_soykb-chameleon-50fastq-20ch-001/ (stored 0%)
  adding: results/log/S_soykb-chameleon-50fastq-20ch-001/workflow.log (deflated 92%)
  adding: results/log/L_soykb-chameleon-50fastq-20ch-001/ (stored 0%)
  adding: results/log/L_soykb-chameleon-50fastq-20ch-001/workflow.log (deflated 93%)
  adding: results/log/C_soykb-chameleon-50fastq-20ch-001/ (stored 0%)
  adding: results/log/C_soykb-chameleon-50fastq-20ch-001/workflow.log (deflated 93%)
  adding: results/config/ (stored 0%)
  adding: results/config/S_soykb-chameleon-50fastq-20ch-001/ (stored 0%)
  adding: results/config/S_soykb-chameleon-50fastq-20ch-001/heft_8/ (stored 0%)
  adding: results/config/S_soykb-chameleon-50fastq-20ch-001/heft_8/1L/ (stored 0%)
  adding: results/config/S_soykb-chameleon-50fastq-20ch-001/heft_8/1L/config.json (deflated 50%)
  adding: results/config/S_soykb-chameleon-50fastq-20ch-001/heft_8/2N/ (stored 0%)
  adding: results/config/S_soykb-chameleon-50fastq-20ch-001/heft_8/2N/config.json (deflated 50%)
  adding: results/config/S_soykb-chameleon-50fastq-20ch-001/heft_8/1R/ (stored 0%)
  adding: results/config/S_soykb-chameleon-50fastq-20ch-001/heft_8/1R/config.json (deflated 50%)
  adding: results/config/S_soykb-chameleon-50fastq-20ch-001/heft_8/2A/ (stored 0%)
  adding: results/config/S_soykb-chameleon-50fastq-20ch-001/heft_8/2A/config.json (deflated 50%)
  adding: results/config/S_soykb-chameleon-50fastq-20ch-001/min_min_24/ (stored 0%)
  adding: results/config/S_soykb-chameleon-50fastq-20ch-001/min_min_24/1L/ (stored 0%)
  adding: results/config/S_soykb-chameleon-50fastq-20ch-001/min_min_24/1L/config.json (deflated 50%)
  adding: results/config/S_soykb-chameleon-50fastq-20ch-001/min_min_24/2N/ (stored 0%)
  adding: results/config/S_soykb-chameleon-50fastq-20ch-001/min_min_24/2N/config.json (deflated 49%)
  adding: results/config/S_soykb-chameleon-50fastq-20ch-001/min_min_24/1R/ (stored 0%)
  adding: results/config/S_soykb-chameleon-50fastq-20ch-001/min_min_24/1R/config.json (deflated 50%)
  adding: results/config/S_soykb-chameleon-50fastq-20ch-001/min_min_24/2A/ (stored 0%)
  adding: results/config/S_soykb-chameleon-50fastq-20ch-001/min_min_24/2A/config.json (deflated 50%)
  adding: results/config/S_soykb-chameleon-50fastq-20ch-001/fifo_8/ (stored 0%)
  adding: results/config/S_soykb-chameleon-50fastq-20ch-001/fifo_8/1L/ (stored 0%)
  adding: results/config/S_soykb-chameleon-50fastq-20ch-001/fifo_8/1L/config.json (deflated 53%)
  adding: results/config/S_soykb-chameleon-50fastq-20ch-001/fifo_8/2N/ (stored 0%)
  adding: results/config/S_soykb-chameleon-50fastq-20ch-001/fifo_8/2N/config.json (deflated 52%)
  adding: results/config/S_soykb-chameleon-50fastq-20ch-001/fifo_8/1R/ (stored 0%)
  adding: results/config/S_soykb-chameleon-50fastq-20ch-001/fifo_8/1R/config.json (deflated 53%)
  adding: results/config/S_soykb-chameleon-50fastq-20ch-001/fifo_8/2A/ (stored 0%)
  adding: results/config/S_soykb-chameleon-50fastq-20ch-001/fifo_8/2A/config.json (deflated 52%)
  adding: results/config/S_soykb-chameleon-50fastq-20ch-001/min_min_16/ (stored 0%)
  adding: results/config/S_soykb-chameleon-50fastq-20ch-001/min_min_16/1L/ (stored 0%)
  adding: results/config/S_soykb-chameleon-50fastq-20ch-001/min_min_16/1L/config.json (deflated 50%)
  adding: results/config/S_soykb-chameleon-50fastq-20ch-001/min_min_16/2N/ (stored 0%)
  adding: results/config/S_soykb-chameleon-50fastq-20ch-001/min_min_16/2N/config.json (deflated 50%)
  adding: results/config/S_soykb-chameleon-50fastq-20ch-001/min_min_16/1R/ (stored 0%)
  adding: results/config/S_soykb-chameleon-50fastq-20ch-001/min_min_16/1R/config.json (deflated 50%)
  adding: results/config/S_soykb-chameleon-50fastq-20ch-001/min_min_16/2A/ (stored 0%)
  adding: results/config/S_soykb-chameleon-50fastq-20ch-001/min_min_16/2A/config.json (deflated 50%)
  adding: results/config/S_soykb-chameleon-50fastq-20ch-001/min_min_8/ (stored 0%)
  adding: results/config/S_soykb-chameleon-50fastq-20ch-001/min_min_8/1L/ (stored 0%)
  adding: results/config/S_soykb-chameleon-50fastq-20ch-001/min_min_8/1L/config.json (deflated 50%)
  adding: results/config/S_soykb-chameleon-50fastq-20ch-001/min_min_8/2N/ (stored 0%)
  adding: results/config/S_soykb-chameleon-50fastq-20ch-001/min_min_8/2N/config.json (deflated 50%)
  adding: results/config/S_soykb-chameleon-50fastq-20ch-001/min_min_8/1R/ (stored 0%)
  adding: results/config/S_soykb-chameleon-50fastq-20ch-001/min_min_8/1R/config.json (deflated 50%)
  adding: results/config/S_soykb-chameleon-50fastq-20ch-001/min_min_8/2A/ (stored 0%)
  adding: results/config/S_soykb-chameleon-50fastq-20ch-001/min_min_8/2A/config.json (deflated 50%)
  adding: results/config/S_soykb-chameleon-50fastq-20ch-001/heft_24/ (stored 0%)
  adding: results/config/S_soykb-chameleon-50fastq-20ch-001/heft_24/1L/ (stored 0%)
  adding: results/config/S_soykb-chameleon-50fastq-20ch-001/heft_24/1L/config.json (deflated 50%)
  adding: results/config/S_soykb-chameleon-50fastq-20ch-001/heft_24/2N/ (stored 0%)
  adding: results/config/S_soykb-chameleon-50fastq-20ch-001/heft_24/2N/config.json (deflated 50%)
  adding: results/config/S_soykb-chameleon-50fastq-20ch-001/heft_24/1R/ (stored 0%)
  adding: results/config/S_soykb-chameleon-50fastq-20ch-001/heft_24/1R/config.json (deflated 51%)
  adding: results/config/S_soykb-chameleon-50fastq-20ch-001/heft_24/2A/ (stored 0%)
  adding: results/config/S_soykb-chameleon-50fastq-20ch-001/heft_24/2A/config.json (deflated 50%)
  adding: results/config/S_soykb-chameleon-50fastq-20ch-001/fifo_16/ (stored 0%)
  adding: results/config/S_soykb-chameleon-50fastq-20ch-001/fifo_16/1L/ (stored 0%)
  adding: results/config/S_soykb-chameleon-50fastq-20ch-001/fifo_16/1L/config.json (deflated 53%)
  adding: results/config/S_soykb-chameleon-50fastq-20ch-001/fifo_16/1R/ (stored 0%)
  adding: results/config/S_soykb-chameleon-50fastq-20ch-001/fifo_16/1R/config.json (deflated 53%)
  adding: results/config/S_soykb-chameleon-50fastq-20ch-001/fifo_16/2A/ (stored 0%)
  adding: results/config/S_soykb-chameleon-50fastq-20ch-001/fifo_16/2A/config.json (deflated 51%)
  adding: results/config/L_soykb-chameleon-50fastq-20ch-001/ (stored 0%)
  adding: results/config/L_soykb-chameleon-50fastq-20ch-001/heft_8/ (stored 0%)
  adding: results/config/L_soykb-chameleon-50fastq-20ch-001/heft_8/1L/ (stored 0%)
  adding: results/config/L_soykb-chameleon-50fastq-20ch-001/heft_8/1L/config.json (deflated 50%)
  adding: results/config/L_soykb-chameleon-50fastq-20ch-001/heft_8/2N/ (stored 0%)
  adding: results/config/L_soykb-chameleon-50fastq-20ch-001/heft_8/2N/config.json (deflated 50%)
  adding: results/config/L_soykb-chameleon-50fastq-20ch-001/heft_8/1R/ (stored 0%)
  adding: results/config/L_soykb-chameleon-50fastq-20ch-001/heft_8/1R/config.json (deflated 50%)
  adding: results/config/L_soykb-chameleon-50fastq-20ch-001/heft_8/2A/ (stored 0%)
  adding: results/config/L_soykb-chameleon-50fastq-20ch-001/heft_8/2A/config.json (deflated 50%)
  adding: results/config/L_soykb-chameleon-50fastq-20ch-001/min_min_24/ (stored 0%)
  adding: results/config/L_soykb-chameleon-50fastq-20ch-001/min_min_24/1L/ (stored 0%)
  adding: results/config/L_soykb-chameleon-50fastq-20ch-001/min_min_24/1L/config.json (deflated 50%)
  adding: results/config/L_soykb-chameleon-50fastq-20ch-001/min_min_24/2N/ (stored 0%)
  adding: results/config/L_soykb-chameleon-50fastq-20ch-001/min_min_24/2N/config.json (deflated 49%)
  adding: results/config/L_soykb-chameleon-50fastq-20ch-001/min_min_24/1R/ (stored 0%)
  adding: results/config/L_soykb-chameleon-50fastq-20ch-001/min_min_24/1R/config.json (deflated 50%)
  adding: results/config/L_soykb-chameleon-50fastq-20ch-001/min_min_24/2A/ (stored 0%)
  adding: results/config/L_soykb-chameleon-50fastq-20ch-001/min_min_24/2A/config.json (deflated 50%)
  adding: results/config/L_soykb-chameleon-50fastq-20ch-001/fifo_8/ (stored 0%)
  adding: results/config/L_soykb-chameleon-50fastq-20ch-001/fifo_8/1L/ (stored 0%)
  adding: results/config/L_soykb-chameleon-50fastq-20ch-001/fifo_8/1L/config.json (deflated 53%)
  adding: results/config/L_soykb-chameleon-50fastq-20ch-001/fifo_8/2N/ (stored 0%)
  adding: results/config/L_soykb-chameleon-50fastq-20ch-001/fifo_8/2N/config.json (deflated 52%)
  adding: results/config/L_soykb-chameleon-50fastq-20ch-001/fifo_8/1R/ (stored 0%)
  adding: results/config/L_soykb-chameleon-50fastq-20ch-001/fifo_8/1R/config.json (deflated 53%)
  adding: results/config/L_soykb-chameleon-50fastq-20ch-001/fifo_8/2A/ (stored 0%)
  adding: results/config/L_soykb-chameleon-50fastq-20ch-001/fifo_8/2A/config.json (deflated 52%)
  adding: results/config/L_soykb-chameleon-50fastq-20ch-001/min_min_16/ (stored 0%)
  adding: results/config/L_soykb-chameleon-50fastq-20ch-001/min_min_16/1L/ (stored 0%)
  adding: results/config/L_soykb-chameleon-50fastq-20ch-001/min_min_16/1L/config.json (deflated 50%)
  adding: results/config/L_soykb-chameleon-50fastq-20ch-001/min_min_16/2N/ (stored 0%)
  adding: results/config/L_soykb-chameleon-50fastq-20ch-001/min_min_16/2N/config.json (deflated 50%)
  adding: results/config/L_soykb-chameleon-50fastq-20ch-001/min_min_16/1R/ (stored 0%)
  adding: results/config/L_soykb-chameleon-50fastq-20ch-001/min_min_16/1R/config.json (deflated 50%)
  adding: results/config/L_soykb-chameleon-50fastq-20ch-001/min_min_16/2A/ (stored 0%)
  adding: results/config/L_soykb-chameleon-50fastq-20ch-001/min_min_16/2A/config.json (deflated 50%)
  adding: results/config/L_soykb-chameleon-50fastq-20ch-001/min_min_8/ (stored 0%)
  adding: results/config/L_soykb-chameleon-50fastq-20ch-001/min_min_8/1L/ (stored 0%)
  adding: results/config/L_soykb-chameleon-50fastq-20ch-001/min_min_8/1L/config.json (deflated 50%)
  adding: results/config/L_soykb-chameleon-50fastq-20ch-001/min_min_8/2N/ (stored 0%)
  adding: results/config/L_soykb-chameleon-50fastq-20ch-001/min_min_8/2N/config.json (deflated 50%)
  adding: results/config/L_soykb-chameleon-50fastq-20ch-001/min_min_8/1R/ (stored 0%)
  adding: results/config/L_soykb-chameleon-50fastq-20ch-001/min_min_8/1R/config.json (deflated 50%)
  adding: results/config/L_soykb-chameleon-50fastq-20ch-001/min_min_8/2A/ (stored 0%)
  adding: results/config/L_soykb-chameleon-50fastq-20ch-001/min_min_8/2A/config.json (deflated 50%)
  adding: results/config/L_soykb-chameleon-50fastq-20ch-001/heft_24/ (stored 0%)
  adding: results/config/L_soykb-chameleon-50fastq-20ch-001/heft_24/1L/ (stored 0%)
  adding: results/config/L_soykb-chameleon-50fastq-20ch-001/heft_24/1L/config.json (deflated 51%)
  adding: results/config/L_soykb-chameleon-50fastq-20ch-001/heft_24/2N/ (stored 0%)
  adding: results/config/L_soykb-chameleon-50fastq-20ch-001/heft_24/2N/config.json (deflated 50%)
  adding: results/config/L_soykb-chameleon-50fastq-20ch-001/heft_24/1R/ (stored 0%)
  adding: results/config/L_soykb-chameleon-50fastq-20ch-001/heft_24/1R/config.json (deflated 51%)
  adding: results/config/L_soykb-chameleon-50fastq-20ch-001/heft_24/2A/ (stored 0%)
  adding: results/config/L_soykb-chameleon-50fastq-20ch-001/heft_24/2A/config.json (deflated 50%)
  adding: results/config/L_soykb-chameleon-50fastq-20ch-001/fifo_16/ (stored 0%)
  adding: results/config/L_soykb-chameleon-50fastq-20ch-001/fifo_16/1L/ (stored 0%)
  adding: results/config/L_soykb-chameleon-50fastq-20ch-001/fifo_16/1L/config.json (deflated 53%)
  adding: results/config/L_soykb-chameleon-50fastq-20ch-001/fifo_16/2N/ (stored 0%)
  adding: results/config/L_soykb-chameleon-50fastq-20ch-001/fifo_16/2N/config.json (deflated 52%)
  adding: results/config/L_soykb-chameleon-50fastq-20ch-001/fifo_16/1R/ (stored 0%)
  adding: results/config/L_soykb-chameleon-50fastq-20ch-001/fifo_16/1R/config.json (deflated 53%)
  adding: results/config/L_soykb-chameleon-50fastq-20ch-001/fifo_16/2A/ (stored 0%)
  adding: results/config/L_soykb-chameleon-50fastq-20ch-001/fifo_16/2A/config.json (deflated 51%)
  adding: results/config/L_soykb-chameleon-50fastq-20ch-001/.generated (stored 0%)
  adding: results/config/L_soykb-chameleon-50fastq-20ch-001/heft_16/ (stored 0%)
  adding: results/config/L_soykb-chameleon-50fastq-20ch-001/heft_16/1L/ (stored 0%)
  adding: results/config/L_soykb-chameleon-50fastq-20ch-001/heft_16/1L/config.json (deflated 50%)
  adding: results/config/L_soykb-chameleon-50fastq-20ch-001/heft_16/2N/ (stored 0%)
  adding: results/config/L_soykb-chameleon-50fastq-20ch-001/heft_16/2N/config.json (deflated 50%)
  adding: results/config/L_soykb-chameleon-50fastq-20ch-001/heft_16/1R/ (stored 0%)
  adding: results/config/L_soykb-chameleon-50fastq-20ch-001/heft_16/1R/config.json (deflated 50%)
  adding: results/config/L_soykb-chameleon-50fastq-20ch-001/heft_16/2A/ (stored 0%)
  adding: results/config/L_soykb-chameleon-50fastq-20ch-001/heft_16/2A/config.json (deflated 50%)
  adding: results/config/L_soykb-chameleon-50fastq-20ch-001/fifo_24/ (stored 0%)
  adding: results/config/L_soykb-chameleon-50fastq-20ch-001/fifo_24/1L/ (stored 0%)
  adding: results/config/L_soykb-chameleon-50fastq-20ch-001/fifo_24/1L/config.json (deflated 53%)
  adding: results/config/L_soykb-chameleon-50fastq-20ch-001/fifo_24/2N/ (stored 0%)
  adding: results/config/L_soykb-chameleon-50fastq-20ch-001/fifo_24/2N/config.json (deflated 51%)
  adding: results/config/L_soykb-chameleon-50fastq-20ch-001/fifo_24/1R/ (stored 0%)
  adding: results/config/L_soykb-chameleon-50fastq-20ch-001/fifo_24/1R/config.json (deflated 53%)
  adding: results/config/L_soykb-chameleon-50fastq-20ch-001/fifo_24/2A/ (stored 0%)
  adding: results/config/L_soykb-chameleon-50fastq-20ch-001/fifo_24/2A/config.json (deflated 51%)
  adding: results/config/C_soykb-chameleon-50fastq-20ch-001/ (stored 0%)
  adding: results/config/C_soykb-chameleon-50fastq-20ch-001/heft_8/ (stored 0%)
  adding: results/config/C_soykb-chameleon-50fastq-20ch-001/heft_8/1L/ (stored 0%)
  adding: results/config/C_soykb-chameleon-50fastq-20ch-001/heft_8/1L/config.json (deflated 50%)
  adding: results/config/C_soykb-chameleon-50fastq-20ch-001/heft_8/2N/ (stored 0%)
  adding: results/config/C_soykb-chameleon-50fastq-20ch-001/heft_8/2N/config.json (deflated 50%)
  adding: results/config/C_soykb-chameleon-50fastq-20ch-001/heft_8/1R/ (stored 0%)
  adding: results/config/C_soykb-chameleon-50fastq-20ch-001/heft_8/1R/config.json (deflated 50%)
  adding: results/config/C_soykb-chameleon-50fastq-20ch-001/heft_8/2A/ (stored 0%)
  adding: results/config/C_soykb-chameleon-50fastq-20ch-001/heft_8/2A/config.json (deflated 50%)
  adding: results/config/C_soykb-chameleon-50fastq-20ch-001/min_min_24/ (stored 0%)
  adding: results/config/C_soykb-chameleon-50fastq-20ch-001/min_min_24/1L/ (stored 0%)
  adding: results/config/C_soykb-chameleon-50fastq-20ch-001/min_min_24/1L/config.json (deflated 50%)
  adding: results/config/C_soykb-chameleon-50fastq-20ch-001/min_min_24/2N/ (stored 0%)
  adding: results/config/C_soykb-chameleon-50fastq-20ch-001/min_min_24/2N/config.json (deflated 49%)
  adding: results/config/C_soykb-chameleon-50fastq-20ch-001/min_min_24/1R/ (stored 0%)
  adding: results/config/C_soykb-chameleon-50fastq-20ch-001/min_min_24/1R/config.json (deflated 50%)
  adding: results/config/C_soykb-chameleon-50fastq-20ch-001/min_min_24/2A/ (stored 0%)
  adding: results/config/C_soykb-chameleon-50fastq-20ch-001/min_min_24/2A/config.json (deflated 50%)
  adding: results/config/C_soykb-chameleon-50fastq-20ch-001/fifo_8/ (stored 0%)
  adding: results/config/C_soykb-chameleon-50fastq-20ch-001/fifo_8/1L/ (stored 0%)
  adding: results/config/C_soykb-chameleon-50fastq-20ch-001/fifo_8/1L/config.json (deflated 53%)
  adding: results/config/C_soykb-chameleon-50fastq-20ch-001/fifo_8/2N/ (stored 0%)
  adding: results/config/C_soykb-chameleon-50fastq-20ch-001/fifo_8/2N/config.json (deflated 52%)
  adding: results/config/C_soykb-chameleon-50fastq-20ch-001/fifo_8/1R/ (stored 0%)
  adding: results/config/C_soykb-chameleon-50fastq-20ch-001/fifo_8/1R/config.json (deflated 53%)
  adding: results/config/C_soykb-chameleon-50fastq-20ch-001/fifo_8/2A/ (stored 0%)
  adding: results/config/C_soykb-chameleon-50fastq-20ch-001/fifo_8/2A/config.json (deflated 52%)
  adding: results/config/C_soykb-chameleon-50fastq-20ch-001/min_min_16/ (stored 0%)
  adding: results/config/C_soykb-chameleon-50fastq-20ch-001/min_min_16/1L/ (stored 0%)
  adding: results/config/C_soykb-chameleon-50fastq-20ch-001/min_min_16/1L/config.json (deflated 50%)
  adding: results/config/C_soykb-chameleon-50fastq-20ch-001/min_min_16/2N/ (stored 0%)
  adding: results/config/C_soykb-chameleon-50fastq-20ch-001/min_min_16/2N/config.json (deflated 50%)
  adding: results/config/C_soykb-chameleon-50fastq-20ch-001/min_min_16/1R/ (stored 0%)
  adding: results/config/C_soykb-chameleon-50fastq-20ch-001/min_min_16/1R/config.json (deflated 50%)
  adding: results/config/C_soykb-chameleon-50fastq-20ch-001/min_min_16/2A/ (stored 0%)
  adding: results/config/C_soykb-chameleon-50fastq-20ch-001/min_min_16/2A/config.json (deflated 50%)
  adding: results/config/C_soykb-chameleon-50fastq-20ch-001/min_min_8/ (stored 0%)
  adding: results/config/C_soykb-chameleon-50fastq-20ch-001/min_min_8/1L/ (stored 0%)
  adding: results/config/C_soykb-chameleon-50fastq-20ch-001/min_min_8/1L/config.json (deflated 50%)
  adding: results/config/C_soykb-chameleon-50fastq-20ch-001/min_min_8/2N/ (stored 0%)
  adding: results/config/C_soykb-chameleon-50fastq-20ch-001/min_min_8/2N/config.json (deflated 50%)
  adding: results/config/C_soykb-chameleon-50fastq-20ch-001/min_min_8/1R/ (stored 0%)
  adding: results/config/C_soykb-chameleon-50fastq-20ch-001/min_min_8/1R/config.json (deflated 50%)
  adding: results/config/C_soykb-chameleon-50fastq-20ch-001/min_min_8/2A/ (stored 0%)
  adding: results/config/C_soykb-chameleon-50fastq-20ch-001/min_min_8/2A/config.json (deflated 50%)
  adding: results/config/C_soykb-chameleon-50fastq-20ch-001/heft_24/ (stored 0%)
  adding: results/config/C_soykb-chameleon-50fastq-20ch-001/heft_24/1L/ (stored 0%)
  adding: results/config/C_soykb-chameleon-50fastq-20ch-001/heft_24/1L/config.json (deflated 50%)
  adding: results/config/C_soykb-chameleon-50fastq-20ch-001/heft_24/2N/ (stored 0%)
  adding: results/config/C_soykb-chameleon-50fastq-20ch-001/heft_24/2N/config.json (deflated 50%)
  adding: results/config/C_soykb-chameleon-50fastq-20ch-001/heft_24/1R/ (stored 0%)
  adding: results/config/C_soykb-chameleon-50fastq-20ch-001/heft_24/1R/config.json (deflated 51%)
  adding: results/config/C_soykb-chameleon-50fastq-20ch-001/heft_24/2A/ (stored 0%)
  adding: results/config/C_soykb-chameleon-50fastq-20ch-001/heft_24/2A/config.json (deflated 50%)
  adding: results/config/C_soykb-chameleon-50fastq-20ch-001/fifo_16/ (stored 0%)
  adding: results/config/C_soykb-chameleon-50fastq-20ch-001/fifo_16/1L/ (stored 0%)
  adding: results/config/C_soykb-chameleon-50fastq-20ch-001/fifo_16/1L/config.json (deflated 53%)
  adding: results/config/C_soykb-chameleon-50fastq-20ch-001/fifo_16/2N/ (stored 0%)
  adding: results/config/C_soykb-chameleon-50fastq-20ch-001/fifo_16/2N/config.json (deflated 51%)
  adding: results/config/C_soykb-chameleon-50fastq-20ch-001/fifo_16/1R/ (stored 0%)
  adding: results/config/C_soykb-chameleon-50fastq-20ch-001/fifo_16/1R/config.json (deflated 53%)
  adding: results/config/C_soykb-chameleon-50fastq-20ch-001/fifo_16/2A/ (stored 0%)
  adding: results/config/C_soykb-chameleon-50fastq-20ch-001/fifo_16/2A/config.json (deflated 51%)
  adding: results/config/C_soykb-chameleon-50fastq-20ch-001/.generated (stored 0%)
  adding: results/config/C_soykb-chameleon-50fastq-20ch-001/heft_16/ (stored 0%)
  adding: results/config/C_soykb-chameleon-50fastq-20ch-001/heft_16/1L/ (stored 0%)
  adding: results/config/C_soykb-chameleon-50fastq-20ch-001/heft_16/1L/config.json (deflated 50%)
  adding: results/config/C_soykb-chameleon-50fastq-20ch-001/heft_16/2N/ (stored 0%)
  adding: results/config/C_soykb-chameleon-50fastq-20ch-001/heft_16/2N/config.json (deflated 50%)
  adding: results/config/C_soykb-chameleon-50fastq-20ch-001/heft_16/1R/ (stored 0%)
  adding: results/config/C_soykb-chameleon-50fastq-20ch-001/heft_16/1R/config.json (deflated 50%)
  adding: results/config/C_soykb-chameleon-50fastq-20ch-001/heft_16/2A/ (stored 0%)
  adding: results/config/C_soykb-chameleon-50fastq-20ch-001/heft_16/2A/config.json (deflated 50%)
  adding: results/config/C_soykb-chameleon-50fastq-20ch-001/fifo_24/ (stored 0%)
  adding: results/config/C_soykb-chameleon-50fastq-20ch-001/fifo_24/1L/ (stored 0%)
  adding: results/config/C_soykb-chameleon-50fastq-20ch-001/fifo_24/1L/config.json (deflated 53%)
  adding: results/config/C_soykb-chameleon-50fastq-20ch-001/fifo_24/2N/ (stored 0%)
  adding: results/config/C_soykb-chameleon-50fastq-20ch-001/fifo_24/2N/config.json (deflated 51%)
  adding: results/config/C_soykb-chameleon-50fastq-20ch-001/fifo_24/1R/ (stored 0%)
  adding: results/config/C_soykb-chameleon-50fastq-20ch-001/fifo_24/1R/config.json (deflated 53%)
  adding: results/config/C_soykb-chameleon-50fastq-20ch-001/fifo_24/2A/ (stored 0%)
  adding: results/config/C_soykb-chameleon-50fastq-20ch-001/fifo_24/2A/config.json (deflated 51%)
  adding: results/output/ (stored 0%)
  adding: results/output/S_soykb-chameleon-50fastq-20ch-001/ (stored 0%)
  adding: results/output/S_soykb-chameleon-50fastq-20ch-001/heft_8/ (stored 0%)
  adding: results/output/S_soykb-chameleon-50fastq-20ch-001/heft_8/1L/ (stored 0%)
  adding: results/output/S_soykb-chameleon-50fastq-20ch-001/heft_8/2N/ (stored 0%)
  adding: results/output/S_soykb-chameleon-50fastq-20ch-001/heft_8/1R/ (stored 0%)
  adding: results/output/S_soykb-chameleon-50fastq-20ch-001/heft_8/2A/ (stored 0%)
  adding: results/output/S_soykb-chameleon-50fastq-20ch-001/min_min_24/ (stored 0%)
  adding: results/output/S_soykb-chameleon-50fastq-20ch-001/min_min_24/1L/ (stored 0%)
  adding: results/output/S_soykb-chameleon-50fastq-20ch-001/min_min_24/2N/ (stored 0%)
  adding: results/output/S_soykb-chameleon-50fastq-20ch-001/min_min_24/1R/ (stored 0%)
  adding: results/output/S_soykb-chameleon-50fastq-20ch-001/min_min_24/2A/ (stored 0%)
  adding: results/output/S_soykb-chameleon-50fastq-20ch-001/fifo_8/ (stored 0%)
  adding: results/output/S_soykb-chameleon-50fastq-20ch-001/fifo_8/1L/ (stored 0%)
  adding: results/output/S_soykb-chameleon-50fastq-20ch-001/fifo_8/2N/ (stored 0%)
  adding: results/output/S_soykb-chameleon-50fastq-20ch-001/fifo_8/1R/ (stored 0%)
  adding: results/output/S_soykb-chameleon-50fastq-20ch-001/fifo_8/2A/ (stored 0%)
  adding: results/output/S_soykb-chameleon-50fastq-20ch-001/min_min_16/ (stored 0%)
  adding: results/output/S_soykb-chameleon-50fastq-20ch-001/min_min_16/1L/ (stored 0%)
  adding: results/output/S_soykb-chameleon-50fastq-20ch-001/min_min_16/2N/ (stored 0%)
  adding: results/output/S_soykb-chameleon-50fastq-20ch-001/min_min_16/1R/ (stored 0%)
  adding: results/output/S_soykb-chameleon-50fastq-20ch-001/min_min_16/2A/ (stored 0%)
  adding: results/output/S_soykb-chameleon-50fastq-20ch-001/min_min_8/ (stored 0%)
  adding: results/output/S_soykb-chameleon-50fastq-20ch-001/min_min_8/1L/ (stored 0%)
  adding: results/output/S_soykb-chameleon-50fastq-20ch-001/min_min_8/2N/ (stored 0%)
  adding: results/output/S_soykb-chameleon-50fastq-20ch-001/min_min_8/1R/ (stored 0%)
  adding: results/output/S_soykb-chameleon-50fastq-20ch-001/min_min_8/2A/ (stored 0%)
  adding: results/output/S_soykb-chameleon-50fastq-20ch-001/min_min_8/2A/output.yaml (deflated 92%)
  adding: results/output/S_soykb-chameleon-50fastq-20ch-001/heft_24/ (stored 0%)
  adding: results/output/S_soykb-chameleon-50fastq-20ch-001/heft_24/1L/ (stored 0%)
  adding: results/output/S_soykb-chameleon-50fastq-20ch-001/heft_24/2N/ (stored 0%)
  adding: results/output/S_soykb-chameleon-50fastq-20ch-001/heft_24/1R/ (stored 0%)
  adding: results/output/S_soykb-chameleon-50fastq-20ch-001/heft_24/2A/ (stored 0%)
  adding: results/output/S_soykb-chameleon-50fastq-20ch-001/fifo_16/ (stored 0%)
  adding: results/output/S_soykb-chameleon-50fastq-20ch-001/fifo_16/1L/ (stored 0%)
  adding: results/output/S_soykb-chameleon-50fastq-20ch-001/fifo_16/1R/ (stored 0%)
  adding: results/output/S_soykb-chameleon-50fastq-20ch-001/fifo_16/2A/ (stored 0%)
  adding: results/output/L_soykb-chameleon-50fastq-20ch-001/ (stored 0%)
  adding: results/output/L_soykb-chameleon-50fastq-20ch-001/heft_8/ (stored 0%)
  adding: results/output/L_soykb-chameleon-50fastq-20ch-001/heft_8/1L/ (stored 0%)
  adding: results/output/L_soykb-chameleon-50fastq-20ch-001/heft_8/2N/ (stored 0%)
  adding: results/output/L_soykb-chameleon-50fastq-20ch-001/heft_8/1R/ (stored 0%)
  adding: results/output/L_soykb-chameleon-50fastq-20ch-001/heft_8/2A/ (stored 0%)
  adding: results/output/L_soykb-chameleon-50fastq-20ch-001/min_min_24/ (stored 0%)
  adding: results/output/L_soykb-chameleon-50fastq-20ch-001/min_min_24/1L/ (stored 0%)
  adding: results/output/L_soykb-chameleon-50fastq-20ch-001/min_min_24/2N/ (stored 0%)
  adding: results/output/L_soykb-chameleon-50fastq-20ch-001/min_min_24/1R/ (stored 0%)
  adding: results/output/L_soykb-chameleon-50fastq-20ch-001/min_min_24/2A/ (stored 0%)
  adding: results/output/L_soykb-chameleon-50fastq-20ch-001/fifo_8/ (stored 0%)
  adding: results/output/L_soykb-chameleon-50fastq-20ch-001/fifo_8/1L/ (stored 0%)
  adding: results/output/L_soykb-chameleon-50fastq-20ch-001/fifo_8/2N/ (stored 0%)
  adding: results/output/L_soykb-chameleon-50fastq-20ch-001/fifo_8/1R/ (stored 0%)
  adding: results/output/L_soykb-chameleon-50fastq-20ch-001/fifo_8/2A/ (stored 0%)
  adding: results/output/L_soykb-chameleon-50fastq-20ch-001/min_min_16/ (stored 0%)
  adding: results/output/L_soykb-chameleon-50fastq-20ch-001/min_min_16/1L/ (stored 0%)
  adding: results/output/L_soykb-chameleon-50fastq-20ch-001/min_min_16/2N/ (stored 0%)
  adding: results/output/L_soykb-chameleon-50fastq-20ch-001/min_min_16/1R/ (stored 0%)
  adding: results/output/L_soykb-chameleon-50fastq-20ch-001/min_min_16/2A/ (stored 0%)
  adding: results/output/L_soykb-chameleon-50fastq-20ch-001/min_min_8/ (stored 0%)
  adding: results/output/L_soykb-chameleon-50fastq-20ch-001/min_min_8/1L/ (stored 0%)
  adding: results/output/L_soykb-chameleon-50fastq-20ch-001/min_min_8/2N/ (stored 0%)
  adding: results/output/L_soykb-chameleon-50fastq-20ch-001/min_min_8/1R/ (stored 0%)
  adding: results/output/L_soykb-chameleon-50fastq-20ch-001/min_min_8/2A/ (stored 0%)
  adding: results/output/L_soykb-chameleon-50fastq-20ch-001/min_min_8/2A/output.yaml (deflated 92%)
  adding: results/output/L_soykb-chameleon-50fastq-20ch-001/heft_24/ (stored 0%)
  adding: results/output/L_soykb-chameleon-50fastq-20ch-001/heft_24/1L/ (stored 0%)
  adding: results/output/L_soykb-chameleon-50fastq-20ch-001/heft_24/2N/ (stored 0%)
  adding: results/output/L_soykb-chameleon-50fastq-20ch-001/heft_24/1R/ (stored 0%)
  adding: results/output/L_soykb-chameleon-50fastq-20ch-001/heft_24/2A/ (stored 0%)
  adding: results/output/L_soykb-chameleon-50fastq-20ch-001/fifo_16/ (stored 0%)
  adding: results/output/L_soykb-chameleon-50fastq-20ch-001/fifo_16/1L/ (stored 0%)
  adding: results/output/L_soykb-chameleon-50fastq-20ch-001/fifo_16/2N/ (stored 0%)
  adding: results/output/L_soykb-chameleon-50fastq-20ch-001/fifo_16/1R/ (stored 0%)
  adding: results/output/L_soykb-chameleon-50fastq-20ch-001/fifo_16/2A/ (stored 0%)
  adding: results/output/L_soykb-chameleon-50fastq-20ch-001/heft_16/ (stored 0%)
  adding: results/output/L_soykb-chameleon-50fastq-20ch-001/heft_16/1L/ (stored 0%)
  adding: results/output/L_soykb-chameleon-50fastq-20ch-001/heft_16/2N/ (stored 0%)
  adding: results/output/L_soykb-chameleon-50fastq-20ch-001/heft_16/1R/ (stored 0%)
  adding: results/output/L_soykb-chameleon-50fastq-20ch-001/heft_16/2A/ (stored 0%)
  adding: results/output/L_soykb-chameleon-50fastq-20ch-001/fifo_24/ (stored 0%)
  adding: results/output/L_soykb-chameleon-50fastq-20ch-001/fifo_24/1L/ (stored 0%)
  adding: results/output/L_soykb-chameleon-50fastq-20ch-001/fifo_24/2N/ (stored 0%)
  adding: results/output/L_soykb-chameleon-50fastq-20ch-001/fifo_24/1R/ (stored 0%)
  adding: results/output/L_soykb-chameleon-50fastq-20ch-001/fifo_24/2A/ (stored 0%)
  adding: results/output/C_soykb-chameleon-50fastq-20ch-001/ (stored 0%)
  adding: results/output/C_soykb-chameleon-50fastq-20ch-001/heft_8/ (stored 0%)
  adding: results/output/C_soykb-chameleon-50fastq-20ch-001/heft_8/1L/ (stored 0%)
  adding: results/output/C_soykb-chameleon-50fastq-20ch-001/heft_8/2N/ (stored 0%)
  adding: results/output/C_soykb-chameleon-50fastq-20ch-001/heft_8/1R/ (stored 0%)
  adding: results/output/C_soykb-chameleon-50fastq-20ch-001/heft_8/2A/ (stored 0%)
  adding: results/output/C_soykb-chameleon-50fastq-20ch-001/min_min_24/ (stored 0%)
  adding: results/output/C_soykb-chameleon-50fastq-20ch-001/min_min_24/1L/ (stored 0%)
  adding: results/output/C_soykb-chameleon-50fastq-20ch-001/min_min_24/2N/ (stored 0%)
  adding: results/output/C_soykb-chameleon-50fastq-20ch-001/min_min_24/1R/ (stored 0%)
  adding: results/output/C_soykb-chameleon-50fastq-20ch-001/min_min_24/2A/ (stored 0%)
  adding: results/output/C_soykb-chameleon-50fastq-20ch-001/fifo_8/ (stored 0%)
  adding: results/output/C_soykb-chameleon-50fastq-20ch-001/fifo_8/1L/ (stored 0%)
  adding: results/output/C_soykb-chameleon-50fastq-20ch-001/fifo_8/2N/ (stored 0%)
  adding: results/output/C_soykb-chameleon-50fastq-20ch-001/fifo_8/1R/ (stored 0%)
  adding: results/output/C_soykb-chameleon-50fastq-20ch-001/fifo_8/2A/ (stored 0%)
  adding: results/output/C_soykb-chameleon-50fastq-20ch-001/min_min_16/ (stored 0%)
  adding: results/output/C_soykb-chameleon-50fastq-20ch-001/min_min_16/1L/ (stored 0%)
  adding: results/output/C_soykb-chameleon-50fastq-20ch-001/min_min_16/2N/ (stored 0%)
  adding: results/output/C_soykb-chameleon-50fastq-20ch-001/min_min_16/1R/ (stored 0%)
  adding: results/output/C_soykb-chameleon-50fastq-20ch-001/min_min_16/2A/ (stored 0%)
  adding: results/output/C_soykb-chameleon-50fastq-20ch-001/min_min_8/ (stored 0%)
  adding: results/output/C_soykb-chameleon-50fastq-20ch-001/min_min_8/1L/ (stored 0%)
  adding: results/output/C_soykb-chameleon-50fastq-20ch-001/min_min_8/2N/ (stored 0%)
  adding: results/output/C_soykb-chameleon-50fastq-20ch-001/min_min_8/1R/ (stored 0%)
  adding: results/output/C_soykb-chameleon-50fastq-20ch-001/min_min_8/2A/ (stored 0%)
  adding: results/output/C_soykb-chameleon-50fastq-20ch-001/min_min_8/2A/output.yaml (deflated 92%)
  adding: results/output/C_soykb-chameleon-50fastq-20ch-001/heft_24/ (stored 0%)
  adding: results/output/C_soykb-chameleon-50fastq-20ch-001/heft_24/1L/ (stored 0%)
  adding: results/output/C_soykb-chameleon-50fastq-20ch-001/heft_24/2N/ (stored 0%)
  adding: results/output/C_soykb-chameleon-50fastq-20ch-001/heft_24/1R/ (stored 0%)
  adding: results/output/C_soykb-chameleon-50fastq-20ch-001/heft_24/2A/ (stored 0%)
  adding: results/output/C_soykb-chameleon-50fastq-20ch-001/fifo_16/ (stored 0%)
  adding: results/output/C_soykb-chameleon-50fastq-20ch-001/fifo_16/1L/ (stored 0%)
  adding: results/output/C_soykb-chameleon-50fastq-20ch-001/fifo_16/2N/ (stored 0%)
  adding: results/output/C_soykb-chameleon-50fastq-20ch-001/fifo_16/1R/ (stored 0%)
  adding: results/output/C_soykb-chameleon-50fastq-20ch-001/fifo_16/2A/ (stored 0%)
  adding: results/output/C_soykb-chameleon-50fastq-20ch-001/heft_16/ (stored 0%)
  adding: results/output/C_soykb-chameleon-50fastq-20ch-001/heft_16/1L/ (stored 0%)
  adding: results/output/C_soykb-chameleon-50fastq-20ch-001/heft_16/2N/ (stored 0%)
  adding: results/output/C_soykb-chameleon-50fastq-20ch-001/heft_16/1R/ (stored 0%)
  adding: results/output/C_soykb-chameleon-50fastq-20ch-001/heft_16/2A/ (stored 0%)
  adding: results/output/C_soykb-chameleon-50fastq-20ch-001/fifo_24/ (stored 0%)
  adding: results/output/C_soykb-chameleon-50fastq-20ch-001/fifo_24/1L/ (stored 0%)
  adding: results/output/C_soykb-chameleon-50fastq-20ch-001/fifo_24/2N/ (stored 0%)
  adding: results/output/C_soykb-chameleon-50fastq-20ch-001/fifo_24/1R/ (stored 0%)
  adding: results/output/C_soykb-chameleon-50fastq-20ch-001/fifo_24/2A/ (stored 0%)
  adding: system/ (stored 0%)
  adding: system/non_uniform_bw.txt (deflated 14%)
  adding: system/uniform_lat.txt (deflated 43%)
  adding: system/non_uniform_lat.txt (stored 0%)
  adding: system/topology.pdf (deflated 7%)
  adding: system/uniform_bw.txt (deflated 57%)
  adding: system/non_uniform_lat_rel.txt (stored 0%)
  adding: Makefile (deflated 19%)
